<?xml version="1.0" encoding="UTF-8"?>
<!-- Generated by org.testng.reporters.JUnitReportReporter -->
<testsuite skipped="0" hostname="macadmins-MacBook-Pro-2.local" name="TestNG.JavaTest" tests="1" failures="0" timestamp="21 Jan 2018 21:35:07 GMT" time="21.820" errors="0">
  <testcase name="executeTest1" time="21.820" classname="TestNG.JavaTest"/>
</testsuite> <!-- TestNG.JavaTest -->
