<?xml version="1.0" encoding="UTF-8"?>
<!-- Generated by org.testng.reporters.JUnitReportReporter -->
<testsuite skipped="0" hostname="macadmins-MacBook-Pro-2.local" name="TestNG.UITestForAdidasHomePage" tests="3" failures="0" timestamp="21 Jan 2018 18:58:35 GMT" time="113.744" errors="0">
  <testcase name="executeTest3" time="55.004" classname="TestNG.UITestForAdidasHomePage"/>
  <testcase name="executeTest1" time="23.754" classname="TestNG.UITestForAdidasHomePage"/>
  <testcase name="executeTest2" time="34.986" classname="TestNG.UITestForAdidasHomePage"/>
</testsuite> <!-- TestNG.UITestForAdidasHomePage -->
