<?xml version="1.0" encoding="UTF-8"?>
<!-- Generated by org.testng.reporters.JUnitReportReporter -->
<testsuite skipped="0" hostname="macadmins-MacBook-Pro-2.local" name="TestNG.JsonNEST" tests="1" failures="0" timestamp="22 Jan 2018 22:34:12 GMT" time="0.072" errors="0">
  <testcase name="executeTest1" time="0.072" classname="TestNG.JsonNEST"/>
</testsuite> <!-- TestNG.JsonNEST -->
