<?xml version="1.0" encoding="UTF-8"?>
<!-- Generated by org.testng.reporters.JUnitReportReporter -->
<testsuite skipped="0" hostname="macadmins-MacBook-Pro-2.local" name="TestNG.ChromeTestUIAdidasHomePage" tests="3" failures="0" timestamp="23 Jan 2018 00:24:37 GMT" time="128.583" errors="0">
  <testcase name="ChromeTestUIAdidas0001" time="30.088" classname="TestNG.ChromeTestUIAdidasHomePage"/>
  <testcase name="ChromeTestUIAdidas0003" time="55.080" classname="TestNG.ChromeTestUIAdidasHomePage"/>
  <testcase name="ChromeTestUIAdidas0002" time="43.415" classname="TestNG.ChromeTestUIAdidasHomePage"/>
</testsuite> <!-- TestNG.ChromeTestUIAdidasHomePage -->
