<?xml version="1.0" encoding="UTF-8"?>
<!-- Generated by org.testng.reporters.JUnitReportReporter -->
<testsuite skipped="0" hostname="macadmins-MacBook-Pro-2.local" name="TestNG.TestImageLoadingResponse" tests="1" failures="0" timestamp="23 Jan 2018 00:24:37 GMT" time="62.724" errors="0">
  <testcase name="ImageRespponseCode0001" time="62.724" classname="TestNG.TestImageLoadingResponse"/>
</testsuite> <!-- TestNG.TestImageLoadingResponse -->
