<?xml version="1.0" encoding="UTF-8"?>
<!-- Generated by org.testng.reporters.JUnitReportReporter -->
<testsuite skipped="0" hostname="macadmins-MacBook-Pro-2.local" name="TestNG.FirefoxTestUIAdidasHomePage" tests="3" failures="0" timestamp="23 Jan 2018 00:24:37 GMT" time="124.440" errors="0">
  <testcase name="FirefoxTestUIAdidas0003" time="55.531" classname="TestNG.FirefoxTestUIAdidasHomePage"/>
  <testcase name="FirefoxTestUIAdidas0002" time="43.671" classname="TestNG.FirefoxTestUIAdidasHomePage"/>
  <testcase name="FirefoxTestUIAdidas0001" time="25.238" classname="TestNG.FirefoxTestUIAdidasHomePage"/>
</testsuite> <!-- TestNG.FirefoxTestUIAdidasHomePage -->
