<?xml version="1.0" encoding="UTF-8"?>
<!-- Generated by org.testng.reporters.JUnitReportReporter -->
<testsuite skipped="0" hostname="macadmins-MacBook-Pro-2.local" name="TestNG.JsonsNEST" tests="1" failures="0" timestamp="23 Jan 2018 00:24:37 GMT" time="0.006" errors="0">
  <testcase name="executeTest1" time="0.006" classname="TestNG.JsonsNEST"/>
</testsuite> <!-- TestNG.JsonsNEST -->
